0 info it worked if it ends with ok
1 verbose cli [ '/Users/alicezheng/.nvm/versions/node/v7.5.0/bin/node',
1 verbose cli   '/Users/alicezheng/.nvm/versions/node/v7.5.0/bin/npm',
1 verbose cli   'start' ]
2 info using npm@4.1.2
3 info using node@v7.5.0
4 verbose run-script [ 'prestart', 'start', 'poststart' ]
5 info lifecycle Suggestion-Box-Server@1.1.0~prestart: Suggestion-Box-Server@1.1.0
6 silly lifecycle Suggestion-Box-Server@1.1.0~prestart: no script for prestart, continuing
7 info lifecycle Suggestion-Box-Server@1.1.0~start: Suggestion-Box-Server@1.1.0
8 verbose lifecycle Suggestion-Box-Server@1.1.0~start: unsafe-perm in lifecycle true
9 verbose lifecycle Suggestion-Box-Server@1.1.0~start: PATH: /Users/alicezheng/.nvm/versions/node/v7.5.0/lib/node_modules/npm/bin/node-gyp-bin:/Users/alicezheng/FeedbackApp/Server/node_modules/.bin:/Users/alicezheng/.nvm/versions/node/v7.5.0/bin:/usr/local/bin:/usr/bin:/bin:/usr/sbin:/sbin:/opt/X11/bin:/Users/alicezheng/Library/Android/sdk/tools:/Users/alicezheng/Library/Android/sdk/platform-tools
10 verbose lifecycle Suggestion-Box-Server@1.1.0~start: CWD: /Users/alicezheng/FeedbackApp/Server
11 silly lifecycle Suggestion-Box-Server@1.1.0~start: Args: [ '-c', 'nodemon server.js --exec babel-node' ]
12 silly lifecycle Suggestion-Box-Server@1.1.0~start: Returned: code: 1  signal: null
13 info lifecycle Suggestion-Box-Server@1.1.0~start: Failed to exec start script
14 verbose stack Error: Suggestion-Box-Server@1.1.0 start: `nodemon server.js --exec babel-node`
14 verbose stack Exit status 1
14 verbose stack     at EventEmitter.<anonymous> (/Users/alicezheng/.nvm/versions/node/v7.5.0/lib/node_modules/npm/lib/utils/lifecycle.js:279:16)
14 verbose stack     at emitTwo (events.js:106:13)
14 verbose stack     at EventEmitter.emit (events.js:192:7)
14 verbose stack     at ChildProcess.<anonymous> (/Users/alicezheng/.nvm/versions/node/v7.5.0/lib/node_modules/npm/lib/utils/spawn.js:40:14)
14 verbose stack     at emitTwo (events.js:106:13)
14 verbose stack     at ChildProcess.emit (events.js:192:7)
14 verbose stack     at maybeClose (internal/child_process.js:890:16)
14 verbose stack     at Process.ChildProcess._handle.onexit (internal/child_process.js:226:5)
15 verbose pkgid Suggestion-Box-Server@1.1.0
16 verbose cwd /Users/alicezheng/FeedbackApp/Server
17 error Darwin 16.6.0
18 error argv "/Users/alicezheng/.nvm/versions/node/v7.5.0/bin/node" "/Users/alicezheng/.nvm/versions/node/v7.5.0/bin/npm" "start"
19 error node v7.5.0
20 error npm  v4.1.2
21 error code ELIFECYCLE
22 error Suggestion-Box-Server@1.1.0 start: `nodemon server.js --exec babel-node`
22 error Exit status 1
23 error Failed at the Suggestion-Box-Server@1.1.0 start script 'nodemon server.js --exec babel-node'.
23 error Make sure you have the latest version of node.js and npm installed.
23 error If you do, this is most likely a problem with the Suggestion-Box-Server package,
23 error not with npm itself.
23 error Tell the author that this fails on your system:
23 error     nodemon server.js --exec babel-node
23 error You can get information on how to open an issue for this project with:
23 error     npm bugs Suggestion-Box-Server
23 error Or if that isn't available, you can get their info via:
23 error     npm owner ls Suggestion-Box-Server
23 error There is likely additional logging output above.
24 verbose exit [ 1, true ]
